This file contains any messages produced by compilers while
running configure, to aid debugging if configure makes a mistake.

It was created by configure, which was
generated by GNU Autoconf 2.57.  Invocation command line was

  $ ./configure 

## --------- ##
## Platform. ##
## --------- ##

hostname = RGOERWIT67135
uname -m = x86_64
uname -r = 3.1.7-340.x86_64
uname -s = MINGW64_NT-10.0-19043
uname -v = 2021-03-26 22:17 UTC

/usr/bin/uname -p = unknown
/bin/uname -X     = unknown

/bin/arch              = x86_64
/usr/bin/arch -k       = unknown
/usr/convex/getsysinfo = unknown
hostinfo               = unknown
/bin/machine           = unknown
/usr/bin/oslevel       = unknown
/bin/universe          = unknown

PATH: /c/Users/rgoerwit/bin
PATH: /mingw64/bin
PATH: /usr/local/bin
PATH: /usr/bin
PATH: /bin
PATH: /mingw64/bin
PATH: /usr/bin
PATH: /c/Users/rgoerwit/bin
PATH: /c/Python39/Scripts
PATH: /c/Python39
PATH: /c/Program Files (x86)/Informix Client-SDK/bin
PATH: /c/Program Files/ibm/gsk8/lib64
PATH: /c/Program Files/ibm/gsk8/bin
PATH: /c/Program Files/Informix Client-SDK/bin
PATH: /c/Program Files (x86)/Microsoft SDKs/Azure/CLI2/wbin
PATH: /c/Oracle/app/client/admin/product/12.2.0/client_32
PATH: /c/Oracle/app/client/admin/product/12.2.0/client_32/bin
PATH: /c/Oracle/app/client/admin/product/12.2.0/client_64
PATH: /c/Oracle/app/client/admin/product/12.2.0/client_64/bin
PATH: /c/Oracle/app/client/admin/product/19.0.0/client_32/bin
PATH: /c/Program Files/Microsoft MPI/Bin
PATH: /c/WINDOWS/system32
PATH: /c/WINDOWS
PATH: /c/WINDOWS/System32/Wbem
PATH: /c/WINDOWS/System32/WindowsPowerShell/v1.0
PATH: /c/WINDOWS/System32/OpenSSH
PATH: /c/Program Files/Intel/WiFi/bin
PATH: /c/Program Files/Common Files/Intel/WirelessCommon
PATH: /c/Program Files/dotnet
PATH: /c/Program Files/Microsoft SQL Server/130/Tools/Binn
PATH: /c/Program Files (x86)/Microsoft SQL Server/150/DTS/Binn
PATH: /c/PROGRA~2/IBM/IBMDAT~1/BIN
PATH: /c/Program Files/Common Files/Tom Sawyer Software/10.0.0
PATH: /c/Program Files/Zulu/zulu-11/bin
PATH: /c/Program Files (x86)/Microsoft SQL Server/110/DTS/Binn
PATH: /c/Program Files (x86)/Microsoft SQL Server/120/DTS/Binn
PATH: /c/Program Files (x86)/Microsoft SQL Server/130/DTS/Binn
PATH: /c/Program Files (x86)/Microsoft SQL Server/140/DTS/Binn
PATH: /c/Program Files/Microsoft SQL Server/Client SDK/ODBC/170/Tools/Binn
PATH: /c/Program Files (x86)/dotnet
PATH: /c/ProgramData/chocolatey/bin
PATH: /c/Program Files/Azure Data Studio/bin
PATH: /c/Users/rgoerwit/Documents/GNU/make-4.3-without-guile-w32-bin/bin
PATH: /c/Program Files (x86)/Bitvise SSH Client
PATH: /c/Program Files/SourceGear/Common/DiffMerge
PATH: /c/Program Files/Microsoft/Web Platform Installer
PATH: /c/Program Files/nodejs
PATH: /c/Program Files/Amazon/AWSCLIV2
PATH: /c/Program Files/Docker/Docker/resources/bin
PATH: /c/ProgramData/DockerDesktop/version-bin
PATH: /c/Users/rgoerwit/AppData/Roaming/local/bin
PATH: /c/Users/rgoerwit/AppData/Local/Microsoft/WindowsApps
PATH: /c/Users/rgoerwit/AppData/Local/GnuPG/bin
PATH: /c/Users/rgoerwit/AppData/Local/Programs/Microsoft VS Code/bin
PATH: /c/Users/rgoerwit/AppData/Local/Programs/Azure Data Studio/bin
PATH: /cmd
PATH: /c/Users/rgoerwit/AppData/Roaming/npm
PATH: /c/Users/rgoerwit/AppData/Local/Keybase
PATH: /usr/bin/vendor_perl
PATH: /usr/bin/core_perl


## ----------- ##
## Core tests. ##
## ----------- ##

configure:1292: checking for a BSD-compatible install
configure:1346: result: /usr/bin/install -c
configure:1403: checking for gcc
configure:1432: result: no
configure:1483: checking for cc
configure:1512: result: no
configure:1525: checking for cc
configure:1571: result: no
configure:1624: checking for cl
configure:1653: result: no
configure:1667: error: no acceptable C compiler found in $PATH
See `config.log' for more details.

## ---------------- ##
## Cache variables. ##
## ---------------- ##

ac_cv_env_CC_set=
ac_cv_env_CC_value=
ac_cv_env_CFLAGS_set=
ac_cv_env_CFLAGS_value=
ac_cv_env_CPPFLAGS_set=
ac_cv_env_CPPFLAGS_value=
ac_cv_env_CPP_set=
ac_cv_env_CPP_value=
ac_cv_env_LDFLAGS_set=
ac_cv_env_LDFLAGS_value=
ac_cv_env_build_alias_set=
ac_cv_env_build_alias_value=
ac_cv_env_host_alias_set=
ac_cv_env_host_alias_value=
ac_cv_env_target_alias_set=
ac_cv_env_target_alias_value=
ac_cv_path_install='/usr/bin/install -c'

## ----------------- ##
## Output variables. ##
## ----------------- ##

CC=''
CFLAGS=''
CPP=''
CPPFLAGS=''
DEFS=''
ECHO_C=''
ECHO_N='-n'
ECHO_T=''
EGREP=''
EXEEXT=''
INSTALL_DATA='${INSTALL} -m 644'
INSTALL_PROGRAM='${INSTALL}'
INSTALL_SCRIPT='${INSTALL}'
LDFLAGS=''
LEX=''
LEXLIB=''
LEX_OUTPUT_ROOT=''
LIBOBJS=''
LIBS=''
LN_S=''
LTLIBOBJS=''
OBJEXT=''
PACKAGE_BUGREPORT=''
PACKAGE_NAME=''
PACKAGE_STRING=''
PACKAGE_TARNAME=''
PACKAGE_VERSION=''
PATH_SEPARATOR=':'
SHELL='/bin/sh'
YACC=''
ac_ct_CC=''
bindir='${exec_prefix}/bin'
build_alias=''
datadir='${prefix}/share'
exec_prefix='NONE'
host_alias=''
includedir='${prefix}/include'
infodir='${prefix}/info'
libdir='${exec_prefix}/lib'
libexecdir='${exec_prefix}/libexec'
localstatedir='${prefix}/var'
mandir='${prefix}/man'
oldincludedir='/usr/include'
prefix='NONE'
program_transform_name='s,x,x,'
sbindir='${exec_prefix}/sbin'
sharedstatedir='${prefix}/com'
sysconfdir='${prefix}/etc'
target_alias=''

## ----------- ##
## confdefs.h. ##
## ----------- ##

#define PACKAGE_BUGREPORT ""
#define PACKAGE_NAME ""
#define PACKAGE_STRING ""
#define PACKAGE_TARNAME ""
#define PACKAGE_VERSION ""

configure: exit 1
